<?xml version="1.0" encoding="UTF-8"?>
<coverage generated="1661464715290" clover="3.2.0">
  <project timestamp="1661464715290" name="All files">
    <metrics statements="29" coveredstatements="12" conditionals="4" coveredconditionals="1" methods="8" coveredmethods="2" elements="41" coveredelements="15" complexity="0" loc="29" ncloc="29" packages="1" files="1" classes="1"/>
    <file name="localstorage.js" path="C:\Users\Dat Cul Guy\Desktop\Mukumbutaz Stuff\Microverse\Module 2\To-Do-List-Webpack\src\modules\localstorage.js">
      <metrics statements="29" coveredstatements="12" conditionals="4" coveredconditionals="1" methods="8" coveredmethods="2"/>
      <line num="1" count="1" type="stmt"/>
      <line num="3" count="1" type="cond" truecount="1" falsecount="1"/>
      <line num="4" count="1" type="stmt"/>
      <line num="6" count="0" type="stmt"/>
      <line num="9" count="1" type="stmt"/>
      <line num="10" count="1" type="stmt"/>
      <line num="13" count="1" type="stmt"/>
      <line num="14" count="1" type="stmt"/>
      <line num="15" count="1" type="stmt"/>
      <line num="16" count="1" type="stmt"/>
      <line num="19" count="1" type="stmt"/>
      <line num="20" count="0" type="stmt"/>
      <line num="21" count="0" type="stmt"/>
      <line num="24" count="0" type="stmt"/>
      <line num="25" count="0" type="stmt"/>
      <line num="29" count="0" type="stmt"/>
      <line num="31" count="0" type="stmt"/>
      <line num="35" count="1" type="stmt"/>
      <line num="36" count="0" type="stmt"/>
      <line num="37" count="0" type="stmt"/>
      <line num="38" count="0" type="stmt"/>
      <line num="39" count="0" type="stmt"/>
      <line num="42" count="0" type="stmt"/>
      <line num="43" count="0" type="cond" truecount="0" falsecount="2"/>
      <line num="44" count="0" type="stmt"/>
      <line num="45" count="0" type="stmt"/>
      <line num="46" count="0" type="stmt"/>
      <line num="47" count="0" type="stmt"/>
      <line num="53" count="1" type="stmt"/>
    </file>
  </project>
</coverage>
