{"C:\\Users\\Dat Cul Guy\\Desktop\\Mukumbutaz Stuff\\Microverse\\Module 2\\To-Do-List-Webpack\\src\\modules\\localstorage.js": {"path":"C:\\Users\\Dat Cul Guy\\Desktop\\Mukumbutaz Stuff\\Microverse\\Module 2\\To-Do-List-Webpack\\src\\modules\\localstorage.js","statementMap":{"0":{"start":{"line":1,"column":17},"end":{"line":11,"column":1}},"1":{"start":{"line":3,"column":2},"end":{"line":7,"column":3}},"2":{"start":{"line":4,"column":4},"end":{"line":4,"column":20}},"3":{"start":{"line":6,"column":4},"end":{"line":6,"column":62}},"4":{"start":{"line":9,"column":21},"end":{"line":9,"column":31}},"5":{"start":{"line":10,"column":2},"end":{"line":10,"column":32}},"6":{"start":{"line":13,"column":16},"end":{"line":17,"column":1}},"7":{"start":{"line":14,"column":19},"end":{"line":14,"column":40}},"8":{"start":{"line":15,"column":2},"end":{"line":15,"column":27}},"9":{"start":{"line":16,"column":2},"end":{"line":16,"column":61}},"10":{"start":{"line":19,"column":19},"end":{"line":32,"column":1}},"11":{"start":{"line":20,"column":22},"end":{"line":20,"column":43}},"12":{"start":{"line":21,"column":2},"end":{"line":21,"column":89}},"13":{"start":{"line":21,"column":49},"end":{"line":21,"column":87}},"14":{"start":{"line":24,"column":2},"end":{"line":30,"column":5}},"15":{"start":{"line":25,"column":19},"end":{"line":28,"column":5}},"16":{"start":{"line":29,"column":4},"end":{"line":29,"column":18}},"17":{"start":{"line":31,"column":2},"end":{"line":31,"column":66}},"18":{"start":{"line":35,"column":17},"end":{"line":50,"column":1}},"19":{"start":{"line":36,"column":19},"end":{"line":36,"column":56}},"20":{"start":{"line":37,"column":21},"end":{"line":37,"column":42}},"21":{"start":{"line":38,"column":17},"end":{"line":38,"column":77}},"22":{"start":{"line":38,"column":45},"end":{"line":38,"column":76}},"23":{"start":{"line":39,"column":2},"end":{"line":39,"column":41}},"24":{"start":{"line":42,"column":2},"end":{"line":49,"column":5}},"25":{"start":{"line":43,"column":4},"end":{"line":48,"column":5}},"26":{"start":{"line":44,"column":6},"end":{"line":44,"column":42}},"27":{"start":{"line":45,"column":6},"end":{"line":45,"column":26}},"28":{"start":{"line":46,"column":6},"end":{"line":46,"column":58}},"29":{"start":{"line":47,"column":6},"end":{"line":47,"column":67}},"30":{"start":{"line":53,"column":0},"end":{"line":53,"column":61}}},"fnMap":{"0":{"name":"(anonymous_0)","decl":{"start":{"line":1,"column":17},"end":{"line":1,"column":18}},"loc":{"start":{"line":1,"column":23},"end":{"line":11,"column":1}},"line":1},"1":{"name":"(anonymous_1)","decl":{"start":{"line":13,"column":16},"end":{"line":13,"column":17}},"loc":{"start":{"line":13,"column":31},"end":{"line":17,"column":1}},"line":13},"2":{"name":"(anonymous_2)","decl":{"start":{"line":19,"column":19},"end":{"line":19,"column":20}},"loc":{"start":{"line":19,"column":34},"end":{"line":32,"column":1}},"line":19},"3":{"name":"(anonymous_3)","decl":{"start":{"line":21,"column":39},"end":{"line":21,"column":40}},"loc":{"start":{"line":21,"column":49},"end":{"line":21,"column":87}},"line":21},"4":{"name":"(anonymous_4)","decl":{"start":{"line":24,"column":36},"end":{"line":24,"column":37}},"loc":{"start":{"line":24,"column":53},"end":{"line":30,"column":3}},"line":24},"5":{"name":"(anonymous_5)","decl":{"start":{"line":35,"column":17},"end":{"line":35,"column":18}},"loc":{"start":{"line":35,"column":25},"end":{"line":50,"column":1}},"line":35},"6":{"name":"(anonymous_6)","decl":{"start":{"line":38,"column":35},"end":{"line":38,"column":36}},"loc":{"start":{"line":38,"column":45},"end":{"line":38,"column":76}},"line":38},"7":{"name":"(anonymous_7)","decl":{"start":{"line":42,"column":40},"end":{"line":42,"column":41}},"loc":{"start":{"line":42,"column":47},"end":{"line":49,"column":3}},"line":42}},"branchMap":{"0":{"loc":{"start":{"line":3,"column":2},"end":{"line":7,"column":3}},"type":"if","locations":[{"start":{"line":3,"column":2},"end":{"line":7,"column":3}},{"start":{"line":5,"column":9},"end":{"line":7,"column":3}}],"line":3},"1":{"loc":{"start":{"line":43,"column":4},"end":{"line":48,"column":5}},"type":"if","locations":[{"start":{"line":43,"column":4},"end":{"line":48,"column":5}},{"start":{},"end":{}}],"line":43}},"s":{"0":1,"1":1,"2":1,"3":0,"4":1,"5":1,"6":1,"7":1,"8":1,"9":1,"10":1,"11":0,"12":0,"13":0,"14":0,"15":0,"16":0,"17":0,"18":1,"19":0,"20":0,"21":0,"22":0,"23":0,"24":0,"25":0,"26":0,"27":0,"28":0,"29":0,"30":1},"f":{"0":1,"1":1,"2":0,"3":0,"4":0,"5":0,"6":0,"7":0},"b":{"0":[1,0],"1":[0,0]},"_coverageSchema":"1a1c01bbd47fc00a2c39e90264f33305004495a9","hash":"b0a7047afaa314086a15b522cdf03c8bb0acd0bc"}
}
