TN:
SF:src\modules\localstorage.js
FN:1,(anonymous_0)
FN:13,(anonymous_1)
FN:19,(anonymous_2)
FN:21,(anonymous_3)
FN:24,(anonymous_4)
FN:35,(anonymous_5)
FN:38,(anonymous_6)
FN:42,(anonymous_7)
FNF:8
FNH:2
FNDA:1,(anonymous_0)
FNDA:1,(anonymous_1)
FNDA:0,(anonymous_2)
FNDA:0,(anonymous_3)
FNDA:0,(anonymous_4)
FNDA:0,(anonymous_5)
FNDA:0,(anonymous_6)
FNDA:0,(anonymous_7)
DA:1,1
DA:3,1
DA:4,1
DA:6,0
DA:9,1
DA:10,1
DA:13,1
DA:14,1
DA:15,1
DA:16,1
DA:19,1
DA:20,0
DA:21,0
DA:24,0
DA:25,0
DA:29,0
DA:31,0
DA:35,1
DA:36,0
DA:37,0
DA:38,0
DA:39,0
DA:42,0
DA:43,0
DA:44,0
DA:45,0
DA:46,0
DA:47,0
DA:53,1
LF:29
LH:12
BRDA:3,0,0,1
BRDA:3,0,1,0
BRDA:43,1,0,0
BRDA:43,1,1,0
BRF:4
BRH:1
end_of_record
